[debug] [2025-10-08T08:27:15.041Z] ----------------------------------------------------------------------
[debug] [2025-10-08T08:27:15.044Z] Command:       /nix/store/ws50yvm6vzlzf7jzz6n7xh4szddrack1-nodejs-20.19.1/bin/node /nix/store/0yk9nzw3ibqkjc4dy03f3v9nf5rxqylc-firebase-tools-14.18.0/lib/node_modules/firebase-tools/lib/bin/firebase.js deploy --only functions
[debug] [2025-10-08T08:27:15.044Z] CLI Version:   14.18.0
[debug] [2025-10-08T08:27:15.044Z] Platform:      linux
[debug] [2025-10-08T08:27:15.045Z] Node Version:  v20.19.1
[debug] [2025-10-08T08:27:15.045Z] Time:          Wed Oct 08 2025 08:27:15 GMT+0000 (Coordinated Universal Time)
[debug] [2025-10-08T08:27:15.045Z] ----------------------------------------------------------------------
[debug] 
[debug] [2025-10-08T08:27:15.511Z] Checked if tokens are valid: false, expires at: 1759875410667
[debug] [2025-10-08T08:27:15.511Z] Checked if tokens are valid: false, expires at: 1759875410667
[debug] [2025-10-08T08:27:15.512Z] > refreshing access token with scopes: []
[debug] [2025-10-08T08:27:15.514Z] >>> [apiv2][query] POST https://www.googleapis.com/oauth2/v3/token [none]
[debug] [2025-10-08T08:27:15.515Z] >>> [apiv2][body] POST https://www.googleapis.com/oauth2/v3/token [omitted]
[debug] [2025-10-08T08:27:15.639Z] <<< [apiv2][status] POST https://www.googleapis.com/oauth2/v3/token 200
[debug] [2025-10-08T08:27:15.640Z] <<< [apiv2][body] POST https://www.googleapis.com/oauth2/v3/token [omitted]
[debug] [2025-10-08T08:27:15.658Z] >>> [apiv2][query] GET https://monospace-pa.googleapis.com/v1/workspaces/v0-intelligent-chat-87319597 [none]
[debug] [2025-10-08T08:27:16.288Z] <<< [apiv2][status] GET https://monospace-pa.googleapis.com/v1/workspaces/v0-intelligent-chat-87319597 200
[debug] [2025-10-08T08:27:16.288Z] <<< [apiv2][body] GET https://monospace-pa.googleapis.com/v1/workspaces/v0-intelligent-chat-87319597 {"workspaceId":"v0-intelligent-chat-87319597","name":"v0-intelligent-chat","workspaceRedirectUrl":"firebase-v0-intelligent-chat-1759855221332.cluster-etsqrqvqyvd4erxx7qq32imrjk.cloudworkstations.dev","status":"WORKSPACE_STATUS_RUNNING","lastAccessDatetime":"2025-10-08T07:45:08.946472Z","workspaceTemplate":"WORKSPACE_TEMPLATE_BLANK_WEB","owner":"SELF","serviceAccountEmail":"msp-5735174084235092500@monospace-4.iam.gserviceaccount.com","enableNix":true,"ownerEmail":"grantwhitburn@gmail.com","templateArgs":"{\"signedUrl\":\"https://monospace-local-import-bucket-us.storage.googleapis.com/v0-intelligent-chat-87319597-v0-intelligent-chatbot-for-property-main%2520%282%29.zip?X-Goog-Algorithm=GOOG4-RSA-SHA256&X-Goog-Credential=monospace-local-import-manager%40monospace-local-import-bucket.iam.gserviceaccount.com%2F20251007%2Fauto%2Fstorage%2Fgoog4_request&X-Goog-Date=20251007T164020Z&X-Goog-Expires=3600&X-Goog-SignedHeaders=host&x-goog-signature=3180ad17dbea4e951bce24f08f7920cff72c98412298d6629d5a85e67917b0a0e517e6e462c91b278c58f420a7dae37ef66e940a2fb1a7816cec2f7f27b31ddf7fa2ee811a3e43769de2a946c4e10d7103168ca3afd085202e8dfbdf47fce916ee79707fbfa865d2ba791887e8b0bfac0de075735bdae5d09582bf7ef9a8f8150ca41cf265b7a0ff1f0f7b800cbf785708c5d53e1bbc4e6ce1f244735e1e9a30a15550513e716cedd9ec3f639320308c1a062704b95f6c48d1a329d101a916ec84d96be8e74c760db4764d05e5fc8ab729f22464e57c9104eb9a9d98f631da3237cca6aa3e1af26244a5025e2cab6d45d5b7b5f57dc9850d976bf71f328236e0\"}","templateRepoUrl":"file:///usr/local/monospace/templates/private/_local_import","workstationAccessToken":"eyJhbGciOiJSUzI1NiIsInR5cCI6IkpXVCJ9.eyJpc3MiOiJodHRwczovL2Nsb3VkLmdvb2dsZS5jb20vd29ya3N0YXRpb25zIiwiYXVkIjoiZmlyZWJhc2UtdjAtaW50ZWxsaWdlbnQtY2hhdC0xNzU5ODU1MjIxMzMyLmNsdXN0ZXItZXRzcXJxdnF5dmQ0ZXJ4eDdxcTMyaW1yamsuY2xvdWR3b3Jrc3RhdGlvbnMuZGV2IiwiaWF0IjoxNzU5OTEyMDM2LCJleHAiOjE3NTk5OTg0MzZ9.fxeWc1FSNYmdba-ZeN_ZZNJh5sAgZS4ScRxAuZ_EKMuZd1AK_6Ed-SNIdHpb1lOB7WaPfeVSM6HdM-eJGFkOz3nqR6_pdWOmSYUXQQrzea8qH6_pJpnNBf8y06P0kUnT26ftHhUcjvy1mA8KUK2C0H6fVmxshVlIOwxVooDUp7cYkW2XRMMEDpIe7VAUN6AyEUv8RbvNvzIHdif_bErf2STfOVQgbmMF5FUObr1Ez8iiKyRiklwqknQbCVr8fgkMICtN0kLjQuS-_5h26mqO6BhqxgKfLAmkvVXVEEZGdKWUc0MqNXcIvTh6H0odvBUmByF15VZr77o0X8IBwrX0Lw","firebaseProjectId":"v0-intelligent-chat-8731-34a73"}
[debug] [2025-10-08T08:28:31.272Z] ----------------------------------------------------------------------
[debug] [2025-10-08T08:28:31.275Z] Command:       /nix/store/ws50yvm6vzlzf7jzz6n7xh4szddrack1-nodejs-20.19.1/bin/node /nix/store/0yk9nzw3ibqkjc4dy03f3v9nf5rxqylc-firebase-tools-14.18.0/lib/node_modules/firebase-tools/lib/bin/firebase.js deploy --only functions
[debug] [2025-10-08T08:28:31.275Z] CLI Version:   14.18.0
[debug] [2025-10-08T08:28:31.276Z] Platform:      linux
[debug] [2025-10-08T08:28:31.276Z] Node Version:  v20.19.1
[debug] [2025-10-08T08:28:31.276Z] Time:          Wed Oct 08 2025 08:28:31 GMT+0000 (Coordinated Universal Time)
[debug] [2025-10-08T08:28:31.276Z] ----------------------------------------------------------------------
[debug] 
[debug] [2025-10-08T08:28:31.734Z] Checked if tokens are valid: true, expires at: 1759915634640
[debug] [2025-10-08T08:28:31.734Z] Checked if tokens are valid: true, expires at: 1759915634640
[debug] [2025-10-08T08:28:31.738Z] >>> [apiv2][query] GET https://monospace-pa.googleapis.com/v1/workspaces/v0-intelligent-chat-87319597 [none]
[debug] [2025-10-08T08:28:32.620Z] <<< [apiv2][status] GET https://monospace-pa.googleapis.com/v1/workspaces/v0-intelligent-chat-87319597 200
[debug] [2025-10-08T08:28:32.621Z] <<< [apiv2][body] GET https://monospace-pa.googleapis.com/v1/workspaces/v0-intelligent-chat-87319597 {"workspaceId":"v0-intelligent-chat-87319597","name":"v0-intelligent-chat","workspaceRedirectUrl":"firebase-v0-intelligent-chat-1759855221332.cluster-etsqrqvqyvd4erxx7qq32imrjk.cloudworkstations.dev","status":"WORKSPACE_STATUS_RUNNING","lastAccessDatetime":"2025-10-08T07:45:08.946472Z","workspaceTemplate":"WORKSPACE_TEMPLATE_BLANK_WEB","owner":"SELF","serviceAccountEmail":"msp-5735174084235092500@monospace-4.iam.gserviceaccount.com","enableNix":true,"ownerEmail":"grantwhitburn@gmail.com","templateArgs":"{\"signedUrl\":\"https://monospace-local-import-bucket-us.storage.googleapis.com/v0-intelligent-chat-87319597-v0-intelligent-chatbot-for-property-main%2520%282%29.zip?X-Goog-Algorithm=GOOG4-RSA-SHA256&X-Goog-Credential=monospace-local-import-manager%40monospace-local-import-bucket.iam.gserviceaccount.com%2F20251007%2Fauto%2Fstorage%2Fgoog4_request&X-Goog-Date=20251007T164020Z&X-Goog-Expires=3600&X-Goog-SignedHeaders=host&x-goog-signature=3180ad17dbea4e951bce24f08f7920cff72c98412298d6629d5a85e67917b0a0e517e6e462c91b278c58f420a7dae37ef66e940a2fb1a7816cec2f7f27b31ddf7fa2ee811a3e43769de2a946c4e10d7103168ca3afd085202e8dfbdf47fce916ee79707fbfa865d2ba791887e8b0bfac0de075735bdae5d09582bf7ef9a8f8150ca41cf265b7a0ff1f0f7b800cbf785708c5d53e1bbc4e6ce1f244735e1e9a30a15550513e716cedd9ec3f639320308c1a062704b95f6c48d1a329d101a916ec84d96be8e74c760db4764d05e5fc8ab729f22464e57c9104eb9a9d98f631da3237cca6aa3e1af26244a5025e2cab6d45d5b7b5f57dc9850d976bf71f328236e0\"}","templateRepoUrl":"file:///usr/local/monospace/templates/private/_local_import","workstationAccessToken":"eyJhbGciOiJSUzI1NiIsInR5cCI6IkpXVCJ9.eyJpc3MiOiJodHRwczovL2Nsb3VkLmdvb2dsZS5jb20vd29ya3N0YXRpb25zIiwiYXVkIjoiZmlyZWJhc2UtdjAtaW50ZWxsaWdlbnQtY2hhdC0xNzU5ODU1MjIxMzMyLmNsdXN0ZXItZXRzcXJxdnF5dmQ0ZXJ4eDdxcTMyaW1yamsuY2xvdWR3b3Jrc3RhdGlvbnMuZGV2IiwiaWF0IjoxNzU5OTEyMTEyLCJleHAiOjE3NTk5OTg1MTJ9.Q0BVHgXTGYPf2mmwfMvGKBaNpVnmF5-o3vM37b7OpywbUSM3OfrihyahKBm4dYxUAPSANUxp8BoPbztXhue8zhiJaOz_AFhgiCd12bhAQP0UlWiDZoAUnIsOTxG3WGl9sgbJoUouwEgx9Qms7_1KVadlZQh4HFiHP16PNHdmwSbw66qdWNjovNKjXI9kkvLSO2c2lg0ekMYda2Bol97jZNPeH2_ZDZQ7pVkkmrmP4svSUZNxLQ4W1cqKtyHugzTzbx2dT8GM6ng00xCcl_FVTJJzhrh1jq8eegAuUqGkHCJ1Km1HNHaMi7XfM7Krz7Wh10B-YuC5TGItXEIH41D6Dg","firebaseProjectId":"v0-intelligent-chat-8731-34a73"}
[debug] [2025-10-08T09:14:56.262Z] ----------------------------------------------------------------------
[debug] [2025-10-08T09:14:56.265Z] Command:       /nix/store/ws50yvm6vzlzf7jzz6n7xh4szddrack1-nodejs-20.19.1/bin/node /nix/store/0yk9nzw3ibqkjc4dy03f3v9nf5rxqylc-firebase-tools-14.18.0/lib/node_modules/firebase-tools/lib/bin/firebase.js deploy --only functions
[debug] [2025-10-08T09:14:56.265Z] CLI Version:   14.18.0
[debug] [2025-10-08T09:14:56.266Z] Platform:      linux
[debug] [2025-10-08T09:14:56.266Z] Node Version:  v20.19.1
[debug] [2025-10-08T09:14:56.266Z] Time:          Wed Oct 08 2025 09:14:56 GMT+0000 (Coordinated Universal Time)
[debug] [2025-10-08T09:14:56.266Z] ----------------------------------------------------------------------
[debug] 
[debug] [2025-10-08T09:14:56.772Z] Checked if tokens are valid: false, expires at: 1759915634640
[debug] [2025-10-08T09:14:56.772Z] Checked if tokens are valid: false, expires at: 1759915634640
[debug] [2025-10-08T09:14:56.773Z] > refreshing access token with scopes: []
[debug] [2025-10-08T09:14:56.776Z] >>> [apiv2][query] POST https://www.googleapis.com/oauth2/v3/token [none]
[debug] [2025-10-08T09:14:56.776Z] >>> [apiv2][body] POST https://www.googleapis.com/oauth2/v3/token [omitted]
[debug] [2025-10-08T09:14:56.895Z] <<< [apiv2][status] POST https://www.googleapis.com/oauth2/v3/token 200
[debug] [2025-10-08T09:14:56.900Z] <<< [apiv2][body] POST https://www.googleapis.com/oauth2/v3/token [omitted]
[debug] [2025-10-08T09:14:56.916Z] >>> [apiv2][query] GET https://monospace-pa.googleapis.com/v1/workspaces/v0-intelligent-chat-87319597 [none]
[debug] [2025-10-08T09:14:58.076Z] <<< [apiv2][status] GET https://monospace-pa.googleapis.com/v1/workspaces/v0-intelligent-chat-87319597 200
[debug] [2025-10-08T09:14:58.076Z] <<< [apiv2][body] GET https://monospace-pa.googleapis.com/v1/workspaces/v0-intelligent-chat-87319597 {"workspaceId":"v0-intelligent-chat-87319597","name":"v0-intelligent-chat","workspaceRedirectUrl":"firebase-v0-intelligent-chat-1759855221332.cluster-etsqrqvqyvd4erxx7qq32imrjk.cloudworkstations.dev","status":"WORKSPACE_STATUS_RUNNING","lastAccessDatetime":"2025-10-08T07:45:08.946472Z","workspaceTemplate":"WORKSPACE_TEMPLATE_BLANK_WEB","owner":"SELF","serviceAccountEmail":"msp-5735174084235092500@monospace-4.iam.gserviceaccount.com","enableNix":true,"ownerEmail":"grantwhitburn@gmail.com","templateArgs":"{\"signedUrl\":\"https://monospace-local-import-bucket-us.storage.googleapis.com/v0-intelligent-chat-87319597-v0-intelligent-chatbot-for-property-main%2520%282%29.zip?X-Goog-Algorithm=GOOG4-RSA-SHA256&X-Goog-Credential=monospace-local-import-manager%40monospace-local-import-bucket.iam.gserviceaccount.com%2F20251007%2Fauto%2Fstorage%2Fgoog4_request&X-Goog-Date=20251007T164020Z&X-Goog-Expires=3600&X-Goog-SignedHeaders=host&x-goog-signature=3180ad17dbea4e951bce24f08f7920cff72c98412298d6629d5a85e67917b0a0e517e6e462c91b278c58f420a7dae37ef66e940a2fb1a7816cec2f7f27b31ddf7fa2ee811a3e43769de2a946c4e10d7103168ca3afd085202e8dfbdf47fce916ee79707fbfa865d2ba791887e8b0bfac0de075735bdae5d09582bf7ef9a8f8150ca41cf265b7a0ff1f0f7b800cbf785708c5d53e1bbc4e6ce1f244735e1e9a30a15550513e716cedd9ec3f639320308c1a062704b95f6c48d1a329d101a916ec84d96be8e74c760db4764d05e5fc8ab729f22464e57c9104eb9a9d98f631da3237cca6aa3e1af26244a5025e2cab6d45d5b7b5f57dc9850d976bf71f328236e0\"}","templateRepoUrl":"file:///usr/local/monospace/templates/private/_local_import","workstationAccessToken":"eyJhbGciOiJSUzI1NiIsInR5cCI6IkpXVCJ9.eyJpc3MiOiJodHRwczovL2Nsb3VkLmdvb2dsZS5jb20vd29ya3N0YXRpb25zIiwiYXVkIjoiZmlyZWJhc2UtdjAtaW50ZWxsaWdlbnQtY2hhdC0xNzU5ODU1MjIxMzMyLmNsdXN0ZXItZXRzcXJxdnF5dmQ0ZXJ4eDdxcTMyaW1yamsuY2xvdWR3b3Jrc3RhdGlvbnMuZGV2IiwiaWF0IjoxNzU5OTE0ODk3LCJleHAiOjE3NjAwMDEyOTd9.Ap_GNWw8txR2ctwMiAwmMxzm56AT99XoxceA3ChISfnC1jqIpOg8a3X2VansM6oRRaZIJwkXdrV1lERP6-HySGtAkJTFhm9-lco4SnANIIcpDjfLg57rVlcSo3BfCZyl8YZd8dvyi0VFmolzpgQgaRx3zxCWRBziiAhmtKkfawf-tSguW-51xTO4xczUJLZIrvVfJJbQlbpH_tufqa_zg3nnXDlqt_QKQBiKZ5QWP9fvu94ZYAdugQZd55Q8bLSj1UjkwVlXTfKjZEWgvnVtdI3R0Kqg-bBRJm00k0J11UfNyqcrIPpcleomWACr1LqptVJssOq1yVZae5lyjiEtQQ","firebaseProjectId":"v0-intelligent-chat-8731-34a73"}
[debug] [2025-10-08T10:16:36.505Z] ----------------------------------------------------------------------
[debug] [2025-10-08T10:16:36.509Z] Command:       /nix/store/ws50yvm6vzlzf7jzz6n7xh4szddrack1-nodejs-20.19.1/bin/node /nix/store/0yk9nzw3ibqkjc4dy03f3v9nf5rxqylc-firebase-tools-14.18.0/lib/node_modules/firebase-tools/lib/bin/firebase.js deploy --only functions
[debug] [2025-10-08T10:16:36.510Z] CLI Version:   14.18.0
[debug] [2025-10-08T10:16:36.510Z] Platform:      linux
[debug] [2025-10-08T10:16:36.510Z] Node Version:  v20.19.1
[debug] [2025-10-08T10:16:36.511Z] Time:          Wed Oct 08 2025 10:16:36 GMT+0000 (Coordinated Universal Time)
[debug] [2025-10-08T10:16:36.511Z] ----------------------------------------------------------------------
[debug] 
[debug] [2025-10-08T10:16:37.008Z] Checked if tokens are valid: false, expires at: 1759918495900
[debug] [2025-10-08T10:16:37.009Z] Checked if tokens are valid: false, expires at: 1759918495900
[debug] [2025-10-08T10:16:37.009Z] > refreshing access token with scopes: []
[debug] [2025-10-08T10:16:37.012Z] >>> [apiv2][query] POST https://www.googleapis.com/oauth2/v3/token [none]
[debug] [2025-10-08T10:16:37.013Z] >>> [apiv2][body] POST https://www.googleapis.com/oauth2/v3/token [omitted]
[debug] [2025-10-08T10:16:37.136Z] <<< [apiv2][status] POST https://www.googleapis.com/oauth2/v3/token 200
[debug] [2025-10-08T10:16:37.136Z] <<< [apiv2][body] POST https://www.googleapis.com/oauth2/v3/token [omitted]
[debug] [2025-10-08T10:16:37.153Z] >>> [apiv2][query] GET https://monospace-pa.googleapis.com/v1/workspaces/v0-intelligent-chat-87319597 [none]
[debug] [2025-10-08T10:16:37.893Z] <<< [apiv2][status] GET https://monospace-pa.googleapis.com/v1/workspaces/v0-intelligent-chat-87319597 200
[debug] [2025-10-08T10:16:37.897Z] <<< [apiv2][body] GET https://monospace-pa.googleapis.com/v1/workspaces/v0-intelligent-chat-87319597 {"workspaceId":"v0-intelligent-chat-87319597","name":"v0-intelligent-chat","workspaceRedirectUrl":"firebase-v0-intelligent-chat-1759855221332.cluster-etsqrqvqyvd4erxx7qq32imrjk.cloudworkstations.dev","status":"WORKSPACE_STATUS_RUNNING","lastAccessDatetime":"2025-10-08T07:45:08.946472Z","workspaceTemplate":"WORKSPACE_TEMPLATE_BLANK_WEB","owner":"SELF","serviceAccountEmail":"msp-5735174084235092500@monospace-4.iam.gserviceaccount.com","enableNix":true,"ownerEmail":"grantwhitburn@gmail.com","templateArgs":"{\"signedUrl\":\"https://monospace-local-import-bucket-us.storage.googleapis.com/v0-intelligent-chat-87319597-v0-intelligent-chatbot-for-property-main%2520%282%29.zip?X-Goog-Algorithm=GOOG4-RSA-SHA256&X-Goog-Credential=monospace-local-import-manager%40monospace-local-import-bucket.iam.gserviceaccount.com%2F20251007%2Fauto%2Fstorage%2Fgoog4_request&X-Goog-Date=20251007T164020Z&X-Goog-Expires=3600&X-Goog-SignedHeaders=host&x-goog-signature=3180ad17dbea4e951bce24f08f7920cff72c98412298d6629d5a85e67917b0a0e517e6e462c91b278c58f420a7dae37ef66e940a2fb1a7816cec2f7f27b31ddf7fa2ee811a3e43769de2a946c4e10d7103168ca3afd085202e8dfbdf47fce916ee79707fbfa865d2ba791887e8b0bfac0de075735bdae5d09582bf7ef9a8f8150ca41cf265b7a0ff1f0f7b800cbf785708c5d53e1bbc4e6ce1f244735e1e9a30a15550513e716cedd9ec3f639320308c1a062704b95f6c48d1a329d101a916ec84d96be8e74c760db4764d05e5fc8ab729f22464e57c9104eb9a9d98f631da3237cca6aa3e1af26244a5025e2cab6d45d5b7b5f57dc9850d976bf71f328236e0\"}","templateRepoUrl":"file:///usr/local/monospace/templates/private/_local_import","workstationAccessToken":"eyJhbGciOiJSUzI1NiIsInR5cCI6IkpXVCJ9.eyJpc3MiOiJodHRwczovL2Nsb3VkLmdvb2dsZS5jb20vd29ya3N0YXRpb25zIiwiYXVkIjoiZmlyZWJhc2UtdjAtaW50ZWxsaWdlbnQtY2hhdC0xNzU5ODU1MjIxMzMyLmNsdXN0ZXItZXRzcXJxdnF5dmQ0ZXJ4eDdxcTMyaW1yamsuY2xvdWR3b3Jrc3RhdGlvbnMuZGV2IiwiaWF0IjoxNzU5OTE4NTk3LCJleHAiOjE3NjAwMDQ5OTd9.h2zmhU8GcEB5zh7LyF1bxF0JDVvcT81yRra7JORnXJIZKP7p0D6PlQZljMZ980IjKR79ZYGm4rWE-xzg_8RrWaPhjY1LYB-hor_tn-4F1O7K-osTd4jQTIRIFMqtPC_GmGThOuw8FSl3z-tNfOprJmE1KLi9VqX5oiFodHob5eNR6dhDuKCGTHAW4BgUzN4L4dNNFXwC6FxkCySUMPfPXer6bP-XN_4zE_JTnh361iMCo_UKzKwcesyiYjLlGnvM4GvUhd8iXdWJoUpffxQQTm3tPJKsqlkSlPis4D7ni8ygtFsqmpmbBddC194fK0SdM0DPm-tFb3FFX-CqIGSyMQ","firebaseProjectId":"v0-intelligent-chat-8731-34a73"}
[debug] [2025-10-08T10:18:58.724Z] ----------------------------------------------------------------------
[debug] [2025-10-08T10:18:58.727Z] Command:       /nix/store/ws50yvm6vzlzf7jzz6n7xh4szddrack1-nodejs-20.19.1/bin/node /nix/store/0yk9nzw3ibqkjc4dy03f3v9nf5rxqylc-firebase-tools-14.18.0/lib/node_modules/firebase-tools/lib/bin/firebase.js deploy --only functions
[debug] [2025-10-08T10:18:58.727Z] CLI Version:   14.18.0
[debug] [2025-10-08T10:18:58.728Z] Platform:      linux
[debug] [2025-10-08T10:18:58.728Z] Node Version:  v20.19.1
[debug] [2025-10-08T10:18:58.728Z] Time:          Wed Oct 08 2025 10:18:58 GMT+0000 (Coordinated Universal Time)
[debug] [2025-10-08T10:18:58.728Z] ----------------------------------------------------------------------
[debug] 
[debug] [2025-10-08T10:18:59.221Z] Checked if tokens are valid: true, expires at: 1759922196136
[debug] [2025-10-08T10:18:59.221Z] Checked if tokens are valid: true, expires at: 1759922196136
[debug] [2025-10-08T10:18:59.225Z] >>> [apiv2][query] GET https://monospace-pa.googleapis.com/v1/workspaces/v0-intelligent-chat-87319597 [none]
[debug] [2025-10-08T10:19:00.093Z] <<< [apiv2][status] GET https://monospace-pa.googleapis.com/v1/workspaces/v0-intelligent-chat-87319597 200
[debug] [2025-10-08T10:19:00.096Z] <<< [apiv2][body] GET https://monospace-pa.googleapis.com/v1/workspaces/v0-intelligent-chat-87319597 {"workspaceId":"v0-intelligent-chat-87319597","name":"v0-intelligent-chat","workspaceRedirectUrl":"firebase-v0-intelligent-chat-1759855221332.cluster-etsqrqvqyvd4erxx7qq32imrjk.cloudworkstations.dev","status":"WORKSPACE_STATUS_RUNNING","lastAccessDatetime":"2025-10-08T07:45:08.946472Z","workspaceTemplate":"WORKSPACE_TEMPLATE_BLANK_WEB","owner":"SELF","serviceAccountEmail":"msp-5735174084235092500@monospace-4.iam.gserviceaccount.com","enableNix":true,"ownerEmail":"grantwhitburn@gmail.com","templateArgs":"{\"signedUrl\":\"https://monospace-local-import-bucket-us.storage.googleapis.com/v0-intelligent-chat-87319597-v0-intelligent-chatbot-for-property-main%2520%282%29.zip?X-Goog-Algorithm=GOOG4-RSA-SHA256&X-Goog-Credential=monospace-local-import-manager%40monospace-local-import-bucket.iam.gserviceaccount.com%2F20251007%2Fauto%2Fstorage%2Fgoog4_request&X-Goog-Date=20251007T164020Z&X-Goog-Expires=3600&X-Goog-SignedHeaders=host&x-goog-signature=3180ad17dbea4e951bce24f08f7920cff72c98412298d6629d5a85e67917b0a0e517e6e462c91b278c58f420a7dae37ef66e940a2fb1a7816cec2f7f27b31ddf7fa2ee811a3e43769de2a946c4e10d7103168ca3afd085202e8dfbdf47fce916ee79707fbfa865d2ba791887e8b0bfac0de075735bdae5d09582bf7ef9a8f8150ca41cf265b7a0ff1f0f7b800cbf785708c5d53e1bbc4e6ce1f244735e1e9a30a15550513e716cedd9ec3f639320308c1a062704b95f6c48d1a329d101a916ec84d96be8e74c760db4764d05e5fc8ab729f22464e57c9104eb9a9d98f631da3237cca6aa3e1af26244a5025e2cab6d45d5b7b5f57dc9850d976bf71f328236e0\"}","templateRepoUrl":"file:///usr/local/monospace/templates/private/_local_import","workstationAccessToken":"eyJhbGciOiJSUzI1NiIsInR5cCI6IkpXVCJ9.eyJpc3MiOiJodHRwczovL2Nsb3VkLmdvb2dsZS5jb20vd29ya3N0YXRpb25zIiwiYXVkIjoiZmlyZWJhc2UtdjAtaW50ZWxsaWdlbnQtY2hhdC0xNzU5ODU1MjIxMzMyLmNsdXN0ZXItZXRzcXJxdnF5dmQ0ZXJ4eDdxcTMyaW1yamsuY2xvdWR3b3Jrc3RhdGlvbnMuZGV2IiwiaWF0IjoxNzU5OTE4NzM5LCJleHAiOjE3NjAwMDUxMzl9.uNx10md1nT7-b6NmRR9MEUspldjV2RLZd-_WUhx7MPu2-5faRJoDHeVdOe6qqUk3TLk1L6vmtKlns4rWzhfGX-foM_7EKsvNp_XXFnMdB7U2ckxYIyIDU92OUQx_4R2ZXpUxa_pa8WCsDEyk9jN-Z4BbhDtg3G2FUgygQtPRI3BmbXuKyVzSqTckxMphJCvFCmleu1CZnHqyakkhSu86ZH5VVXjuiVn-MNXp47ASrRbbyucdUCSJIsN3tps2wgfokepgjgLHqJyOu1JXgyVp4GPAmMPKZetpi-roHc-Z4YgAhfnjefoUivK5KCBvd0TAxCh9WeeU_E75a1U_aTgpQg","firebaseProjectId":"v0-intelligent-chat-8731-34a73"}
